<?xml version="1.0" encoding="UTF-8"?>
<!-- Generated by org.testng.reporters.JUnitReportReporter -->
<testsuite hostname="DESKTOP-I2540TH" failures="0" tests="15" name="com.kwikpass.automation.scripts.TC_HOM_Test_Cases" time="349.366" errors="1" timestamp="2024-03-08T13:20:35 IST" skipped="0">
  <testcase classname="com.kwikpass.automation.scripts.TC_HOM_Test_Cases" name="Verify_HOM_KwikPass_AP_Visiblity_At_PDP_page" time="19.522"/>
  <testcase classname="com.kwikpass.automation.scripts.TC_HOM_Test_Cases" name="Verify_HOM_Kwikpass_login_from_AP_using_OTP_Via_SMS" time="28.156"/>
  <testcase classname="com.kwikpass.automation.scripts.TC_HOM_Test_Cases" name="Verify_HOM_Kwikpass_login_Done_Redirect_to_accountpage" time="38.120"/>
  <testcase classname="com.kwikpass.automation.scripts.TC_HOM_Test_Cases" name="Verify_HOM_KwikPass_AP_Visiblity_At_Home_page" time="18.369"/>
  <testcase classname="com.kwikpass.automation.scripts.TC_HOM_Test_Cases" name="Verify_HOM_KwikPass_AP_Visiblity_At_Collection_page" time="18.804"/>
  <testcase classname="com.kwikpass.automation.scripts.TC_HOM_Test_Cases" name="Verify_HOM_Shopify_login_and_session_creation_after_Kwikpass_login_from_Login_Modal" time="28.015"/>
  <testcase classname="com.kwikpass.automation.scripts.TC_HOM_Test_Cases" name="Verify_HOM_KwikPass_Login_modal_Verfication_at_accountpage" time="8.068"/>
  <testcase classname="com.kwikpass.automation.scripts.TC_HOM_Test_Cases" name="Verify_HOM_KwikPass_Login_at_accountpage" time="19.772"/>
  <testcase classname="com.kwikpass.automation.scripts.TC_HOM_Test_Cases" name="Verify_HOM_Kwikpass_login_from_Login_Modal_using_OTP_Via_SMS" time="18.448"/>
  <testcase classname="com.kwikpass.automation.scripts.TC_HOM_Test_Cases" name="Verify_HOM_KwikPass_AP_modal_Verfication" time="17.823"/>
  <testcase classname="com.kwikpass.automation.scripts.TC_HOM_Test_Cases" name="Verify_HOM_KwikPass_Login_modal_Verfication" time="8.196"/>
  <testcase classname="com.kwikpass.automation.scripts.TC_HOM_Test_Cases" name="Verify_HOM_Kwikpass_login_from_AP_Done_Gokwik_login_should_happen" time="47.865">
    <error message="no such element: Unable to locate element: {&quot;method&quot;:&quot;xpath&quot;,&quot;selector&quot;:&quot;//img[@alt=&#039;Close Button&#039;]&quot;}
  (Session info: chrome=122.0.6261.95)
For documentation on this error, please visit: https://www.selenium.dev/documentation/webdriver/troubleshooting/errors#no-such-element-exception
Build info: version: &#039;4.12.1&#039;, revision: &#039;8e34639b11&#039;
System info: os.name: &#039;Windows 11&#039;, os.arch: &#039;amd64&#039;, os.version: &#039;10.0&#039;, java.version: &#039;21.0.1&#039;
Driver info: org.openqa.selenium.chrome.ChromeDriver
Command: [35971b8bb70290ac9e90c78c112dcba4, findElement {using=xpath, value=//img[@alt=&#039;Close Button&#039;]}]
Capabilities {acceptInsecureCerts: false, browserName: chrome, browserVersion: 122.0.6261.95, chrome: {chromedriverVersion: 122.0.6261.94 (880dbf29479c..., userDataDir: C:\Users\navee\AppData\Loca...}, fedcm:accounts: true, goog:chromeOptions: {debuggerAddress: localhost:61724}, networkConnectionEnabled: false, pageLoadStrategy: normal, platformName: windows, proxy: Proxy(), se:cdp: ws://localhost:61724/devtoo..., se:cdpVersion: 122.0.6261.95, setWindowRect: true, strictFileInteractability: false, timeouts: {implicit: 0, pageLoad: 300000, script: 30000}, unhandledPromptBehavior: dismiss and notify, webauthn:extension:credBlob: true, webauthn:extension:largeBlob: true, webauthn:extension:minPinLength: true, webauthn:extension:prf: true, webauthn:virtualAuthenticators: true}
Session ID: 35971b8bb70290ac9e90c78c112dcba4" type="org.openqa.selenium.NoSuchElementException">
      <![CDATA[org.openqa.selenium.NoSuchElementException: no such element: Unable to locate element: {"method":"xpath","selector":"//img[@alt='Close Button']"}
  (Session info: chrome=122.0.6261.95)
For documentation on this error, please visit: https://www.selenium.dev/documentation/webdriver/troubleshooting/errors#no-such-element-exception
Build info: version: '4.12.1', revision: '8e34639b11'
System info: os.name: 'Windows 11', os.arch: 'amd64', os.version: '10.0', java.version: '21.0.1'
Driver info: org.openqa.selenium.chrome.ChromeDriver
Command: [35971b8bb70290ac9e90c78c112dcba4, findElement {using=xpath, value=//img[@alt='Close Button']}]
Capabilities {acceptInsecureCerts: false, browserName: chrome, browserVersion: 122.0.6261.95, chrome: {chromedriverVersion: 122.0.6261.94 (880dbf29479c..., userDataDir: C:\Users\navee\AppData\Loca...}, fedcm:accounts: true, goog:chromeOptions: {debuggerAddress: localhost:61724}, networkConnectionEnabled: false, pageLoadStrategy: normal, platformName: windows, proxy: Proxy(), se:cdp: ws://localhost:61724/devtoo..., se:cdpVersion: 122.0.6261.95, setWindowRect: true, strictFileInteractability: false, timeouts: {implicit: 0, pageLoad: 300000, script: 30000}, unhandledPromptBehavior: dismiss and notify, webauthn:extension:credBlob: true, webauthn:extension:largeBlob: true, webauthn:extension:minPinLength: true, webauthn:extension:prf: true, webauthn:virtualAuthenticators: true}
Session ID: 35971b8bb70290ac9e90c78c112dcba4
at java.base/jdk.internal.reflect.DirectConstructorHandleAccessor.newInstance(DirectConstructorHandleAccessor.java:62)
at java.base/java.lang.reflect.Constructor.newInstanceWithCaller(Constructor.java:502)
at java.base/java.lang.reflect.Constructor.newInstance(Constructor.java:486)
at org.openqa.selenium.remote.codec.w3c.W3CHttpResponseCodec.createException(W3CHttpResponseCodec.java:200)
at org.openqa.selenium.remote.codec.w3c.W3CHttpResponseCodec.decode(W3CHttpResponseCodec.java:133)
at org.openqa.selenium.remote.codec.w3c.W3CHttpResponseCodec.decode(W3CHttpResponseCodec.java:52)
at org.openqa.selenium.remote.HttpCommandExecutor.execute(HttpCommandExecutor.java:191)
at org.openqa.selenium.remote.service.DriverCommandExecutor.invokeExecute(DriverCommandExecutor.java:196)
at org.openqa.selenium.remote.service.DriverCommandExecutor.execute(DriverCommandExecutor.java:171)
at org.openqa.selenium.remote.RemoteWebDriver.execute(RemoteWebDriver.java:602)
at org.openqa.selenium.remote.ElementLocation$ElementFinder$2.findElement(ElementLocation.java:165)
at org.openqa.selenium.remote.ElementLocation.findElement(ElementLocation.java:59)
at org.openqa.selenium.remote.RemoteWebDriver.findElement(RemoteWebDriver.java:359)
at org.openqa.selenium.remote.RemoteWebDriver.findElement(RemoteWebDriver.java:353)
at com.kwikpass.automation.scripts.TC_HOM_Test_Cases.Verify_HOM_Kwikpass_login_from_AP_Done_Gokwik_login_should_happen(TC_HOM_Test_Cases.java:189)
at java.base/jdk.internal.reflect.DirectMethodHandleAccessor.invoke(DirectMethodHandleAccessor.java:103)
at java.base/java.lang.reflect.Method.invoke(Method.java:580)
at org.testng.internal.invokers.MethodInvocationHelper.invokeMethod(MethodInvocationHelper.java:139)
at org.testng.internal.invokers.TestInvoker.invokeMethod(TestInvoker.java:664)
at org.testng.internal.invokers.TestInvoker.invokeTestMethod(TestInvoker.java:227)
at org.testng.internal.invokers.MethodRunner.runInSequence(MethodRunner.java:50)
at org.testng.internal.invokers.TestInvoker$MethodInvocationAgent.invoke(TestInvoker.java:957)
at org.testng.internal.invokers.TestInvoker.invokeTestMethods(TestInvoker.java:200)
at org.testng.internal.invokers.TestMethodWorker.invokeTestMethods(TestMethodWorker.java:148)
at org.testng.internal.invokers.TestMethodWorker.run(TestMethodWorker.java:128)
at java.base/java.util.ArrayList.forEach(ArrayList.java:1596)
at org.testng.TestRunner.privateRun(TestRunner.java:848)
at org.testng.TestRunner.run(TestRunner.java:621)
at org.testng.SuiteRunner.runTest(SuiteRunner.java:443)
at org.testng.SuiteRunner.runSequentially(SuiteRunner.java:437)
at org.testng.SuiteRunner.privateRun(SuiteRunner.java:397)
at org.testng.SuiteRunner.run(SuiteRunner.java:336)
at org.testng.SuiteRunnerWorker.runSuite(SuiteRunnerWorker.java:52)
at org.testng.SuiteRunnerWorker.run(SuiteRunnerWorker.java:95)
at org.testng.TestNG.runSuitesSequentially(TestNG.java:1280)
at org.testng.TestNG.runSuitesLocally(TestNG.java:1200)
at org.testng.TestNG.runSuites(TestNG.java:1114)
at org.testng.TestNG.run(TestNG.java:1082)
at org.testng.remote.AbstractRemoteTestNG.run(AbstractRemoteTestNG.java:115)
at org.testng.remote.RemoteTestNG.initAndRun(RemoteTestNG.java:251)
at org.testng.remote.RemoteTestNG.main(RemoteTestNG.java:77)
]]>
    </error>
  </testcase> <!-- Verify_HOM_Kwikpass_login_from_AP_Done_Gokwik_login_should_happen -->
  <testcase classname="com.kwikpass.automation.scripts.TC_HOM_Test_Cases" name="Verify_HOM_Kwikpass_login_from_Login_Modal_Done_Gokwik_login_should_happen" time="35.825"/>
  <testcase classname="com.kwikpass.automation.scripts.TC_HOM_Test_Cases" name="Verify_HOM_KwikPass_icon_visibility" time="4.277"/>
  <testcase classname="com.kwikpass.automation.scripts.TC_HOM_Test_Cases" name="Verify_HOM_Shopify_login_and_session_creation_after_Kwikpass_login_from_AP" time="38.106"/>
</testsuite> <!-- com.kwikpass.automation.scripts.TC_HOM_Test_Cases -->
