<?xml version="1.0" encoding="UTF-8"?>
<!-- Generated by org.testng.reporters.JUnitReportReporter -->
<testsuite hostname="DESKTOP-26KO353" failures="1" tests="9" name="com.kwikpass.automation.scripts.TC_TheBearHouse_Test_Cases" time="282.857" errors="0" timestamp="2024-05-01T12:26:12 IST" skipped="0">
  <testcase classname="com.kwikpass.automation.scripts.TC_TheBearHouse_Test_Cases" name="Verify_TheBearHouse_Kwikpass_login_using_OTP_Via_SMS_from_Rewards" time="41.304"/>
  <testcase classname="com.kwikpass.automation.scripts.TC_TheBearHouse_Test_Cases" name="Verify_TheBearHouse_Kwikpass_login_using_OTP_Via_SMS" time="25.976"/>
  <testcase classname="com.kwikpass.automation.scripts.TC_TheBearHouse_Test_Cases" name="Verify_TheBearHouse_Kwikpass_login_Done_Gokwik_login_should_happen" time="57.613"/>
  <testcase classname="com.kwikpass.automation.scripts.TC_TheBearHouse_Test_Cases" name="Verify_TheBearHouse_Kwikpass_login_Done_Redirect_to_accountpage" time="46.049"/>
  <testcase classname="com.kwikpass.automation.scripts.TC_TheBearHouse_Test_Cases" name="Verify_TheBearHouse_KwikPass_Login_modal_Verfication_at_accountpage" time="15.574"/>
  <testcase classname="com.kwikpass.automation.scripts.TC_TheBearHouse_Test_Cases" name="Verify_TheBearHouse_KwikPass_Login_at_accountpage" time="26.353"/>
  <testcase classname="com.kwikpass.automation.scripts.TC_TheBearHouse_Test_Cases" name="Verify_TheBearHouse_Shopify_login_and_session_creation_after_Kwikpass_login" time="41.686">
    <failure message="Verify_TheBearHouse_Shopify_login_and_session_creation_after_Kwikpass_login failed" type="java.lang.AssertionError">
      <![CDATA[java.lang.AssertionError: Verify_TheBearHouse_Shopify_login_and_session_creation_after_Kwikpass_login failed
at org.testng.Assert.fail(Assert.java:111)
at com.kwikpass.automation.scripts.TC_TheBearHouse_Test_Cases.Verify_TheBearHouse_Shopify_login_and_session_creation_after_Kwikpass_login(TC_TheBearHouse_Test_Cases.java:155)
at java.base/jdk.internal.reflect.DirectMethodHandleAccessor.invoke(DirectMethodHandleAccessor.java:103)
at java.base/java.lang.reflect.Method.invoke(Method.java:580)
at org.testng.internal.invokers.MethodInvocationHelper.invokeMethod(MethodInvocationHelper.java:139)
at org.testng.internal.invokers.TestInvoker.invokeMethod(TestInvoker.java:664)
at org.testng.internal.invokers.TestInvoker.invokeTestMethod(TestInvoker.java:228)
at org.testng.internal.invokers.MethodRunner.runInSequence(MethodRunner.java:63)
at org.testng.internal.invokers.TestInvoker$MethodInvocationAgent.invoke(TestInvoker.java:961)
at org.testng.internal.invokers.TestInvoker.invokeTestMethods(TestInvoker.java:201)
at org.testng.internal.invokers.TestMethodWorker.invokeTestMethods(TestMethodWorker.java:148)
at org.testng.internal.invokers.TestMethodWorker.run(TestMethodWorker.java:128)
at java.base/java.util.ArrayList.forEach(ArrayList.java:1596)
at org.testng.TestRunner.privateRun(TestRunner.java:819)
at org.testng.TestRunner.run(TestRunner.java:619)
at org.testng.SuiteRunner.runTest(SuiteRunner.java:443)
at org.testng.SuiteRunner.runSequentially(SuiteRunner.java:437)
at org.testng.SuiteRunner.privateRun(SuiteRunner.java:397)
at org.testng.SuiteRunner.run(SuiteRunner.java:336)
at org.testng.SuiteRunnerWorker.runSuite(SuiteRunnerWorker.java:52)
at org.testng.SuiteRunnerWorker.run(SuiteRunnerWorker.java:95)
at org.testng.TestNG.runSuitesSequentially(TestNG.java:1301)
at org.testng.TestNG.runSuitesLocally(TestNG.java:1228)
at org.testng.TestNG.runSuites(TestNG.java:1134)
at org.testng.TestNG.run(TestNG.java:1101)
at org.testng.remote.AbstractRemoteTestNG.run(AbstractRemoteTestNG.java:115)
at org.testng.remote.RemoteTestNG.initAndRun(RemoteTestNG.java:293)
at org.testng.remote.RemoteTestNG.main(RemoteTestNG.java:91)
]]>
    </failure>
  </testcase> <!-- Verify_TheBearHouse_Shopify_login_and_session_creation_after_Kwikpass_login -->
  <testcase classname="com.kwikpass.automation.scripts.TC_TheBearHouse_Test_Cases" name="Verify_TheBearHouse_KwikPass_login_modal_verification" time="16.442"/>
  <testcase classname="com.kwikpass.automation.scripts.TC_TheBearHouse_Test_Cases" name="Verify_TheBearHouse_KwikPass_login_icon_Visibilty" time="11.860"/>
</testsuite> <!-- com.kwikpass.automation.scripts.TC_TheBearHouse_Test_Cases -->
