<?xml version="1.0" encoding="UTF-8"?>
<!-- Generated by org.testng.reporters.JUnitReportReporter -->
<testsuite hostname="DESKTOP-I2540TH" failures="0" tests="14" name="com.kwikpass.automation.scripts.TC_Italian_Colony_Test_Cases" time="277.186" errors="1" timestamp="2024-03-09T17:03:37 IST" skipped="0">
  <testcase classname="com.kwikpass.automation.scripts.TC_Italian_Colony_Test_Cases" name="Verify_Italian_Colony_KwikPass_icon_visibility" time="3.662"/>
  <testcase classname="com.kwikpass.automation.scripts.TC_Italian_Colony_Test_Cases" name="Verify_Italian_Colony_Shopify_login_and_session_creation_after_Kwikpass_login_from_AP" time="36.881"/>
  <testcase classname="com.kwikpass.automation.scripts.TC_Italian_Colony_Test_Cases" name="Verify_Italian_Colony_Kwikpass_login_from_Login_Modal_using_OTP_Via_SMS" time="17.291"/>
  <testcase classname="com.kwikpass.automation.scripts.TC_Italian_Colony_Test_Cases" name="Verify_Italian_Colony_Kwikpass_login_from_AP_using_OTP_Via_SMS" time="27.007"/>
  <testcase classname="com.kwikpass.automation.scripts.TC_Italian_Colony_Test_Cases" name="Verify_Italian_Colony_Shopify_login_and_session_creation_after_Kwikpass_login_from_Login_Modal" time="26.958"/>
  <testcase classname="com.kwikpass.automation.scripts.TC_Italian_Colony_Test_Cases" name="Verify_Italian_Colony_KwikPass_Login_at_accountpage" time="17.007"/>
  <testcase classname="com.kwikpass.automation.scripts.TC_Italian_Colony_Test_Cases" name="Verify_Italian_Colony_Kwikpass_login_using_OTP_Via_SMS_from_Rewards" time="18.864">
    <error message="no such element: Unable to locate element: {&quot;method&quot;:&quot;xpath&quot;,&quot;selector&quot;:&quot;//span[text()=&quot;Sign Up and Get Free Points&quot;]&quot;}
  (Session info: chrome=122.0.6261.95)
For documentation on this error, please visit: https://www.selenium.dev/documentation/webdriver/troubleshooting/errors#no-such-element-exception
Build info: version: &#039;4.12.1&#039;, revision: &#039;8e34639b11&#039;
System info: os.name: &#039;Windows 11&#039;, os.arch: &#039;amd64&#039;, os.version: &#039;10.0&#039;, java.version: &#039;21.0.1&#039;
Driver info: org.openqa.selenium.chrome.ChromeDriver
Command: [ba0c608ac0fa1c7320831c2ed470bd36, findElement {using=xpath, value=//span[text()=&quot;Sign Up and Get Free Points&quot;]}]
Capabilities {acceptInsecureCerts: false, browserName: chrome, browserVersion: 122.0.6261.95, chrome: {chromedriverVersion: 122.0.6261.94 (880dbf29479c..., userDataDir: C:\Users\navee\AppData\Loca...}, fedcm:accounts: true, goog:chromeOptions: {debuggerAddress: localhost:60243}, networkConnectionEnabled: false, pageLoadStrategy: normal, platformName: windows, proxy: Proxy(), se:cdp: ws://localhost:60243/devtoo..., se:cdpVersion: 122.0.6261.95, setWindowRect: true, strictFileInteractability: false, timeouts: {implicit: 0, pageLoad: 300000, script: 30000}, unhandledPromptBehavior: dismiss and notify, webauthn:extension:credBlob: true, webauthn:extension:largeBlob: true, webauthn:extension:minPinLength: true, webauthn:extension:prf: true, webauthn:virtualAuthenticators: true}
Session ID: ba0c608ac0fa1c7320831c2ed470bd36" type="org.openqa.selenium.NoSuchElementException">
      <![CDATA[org.openqa.selenium.NoSuchElementException: no such element: Unable to locate element: {"method":"xpath","selector":"//span[text()="Sign Up and Get Free Points"]"}
  (Session info: chrome=122.0.6261.95)
For documentation on this error, please visit: https://www.selenium.dev/documentation/webdriver/troubleshooting/errors#no-such-element-exception
Build info: version: '4.12.1', revision: '8e34639b11'
System info: os.name: 'Windows 11', os.arch: 'amd64', os.version: '10.0', java.version: '21.0.1'
Driver info: org.openqa.selenium.chrome.ChromeDriver
Command: [ba0c608ac0fa1c7320831c2ed470bd36, findElement {using=xpath, value=//span[text()="Sign Up and Get Free Points"]}]
Capabilities {acceptInsecureCerts: false, browserName: chrome, browserVersion: 122.0.6261.95, chrome: {chromedriverVersion: 122.0.6261.94 (880dbf29479c..., userDataDir: C:\Users\navee\AppData\Loca...}, fedcm:accounts: true, goog:chromeOptions: {debuggerAddress: localhost:60243}, networkConnectionEnabled: false, pageLoadStrategy: normal, platformName: windows, proxy: Proxy(), se:cdp: ws://localhost:60243/devtoo..., se:cdpVersion: 122.0.6261.95, setWindowRect: true, strictFileInteractability: false, timeouts: {implicit: 0, pageLoad: 300000, script: 30000}, unhandledPromptBehavior: dismiss and notify, webauthn:extension:credBlob: true, webauthn:extension:largeBlob: true, webauthn:extension:minPinLength: true, webauthn:extension:prf: true, webauthn:virtualAuthenticators: true}
Session ID: ba0c608ac0fa1c7320831c2ed470bd36
at java.base/jdk.internal.reflect.DirectConstructorHandleAccessor.newInstance(DirectConstructorHandleAccessor.java:62)
at java.base/java.lang.reflect.Constructor.newInstanceWithCaller(Constructor.java:502)
at java.base/java.lang.reflect.Constructor.newInstance(Constructor.java:486)
at org.openqa.selenium.remote.codec.w3c.W3CHttpResponseCodec.createException(W3CHttpResponseCodec.java:200)
at org.openqa.selenium.remote.codec.w3c.W3CHttpResponseCodec.decode(W3CHttpResponseCodec.java:133)
at org.openqa.selenium.remote.codec.w3c.W3CHttpResponseCodec.decode(W3CHttpResponseCodec.java:52)
at org.openqa.selenium.remote.HttpCommandExecutor.execute(HttpCommandExecutor.java:191)
at org.openqa.selenium.remote.service.DriverCommandExecutor.invokeExecute(DriverCommandExecutor.java:196)
at org.openqa.selenium.remote.service.DriverCommandExecutor.execute(DriverCommandExecutor.java:171)
at org.openqa.selenium.remote.RemoteWebDriver.execute(RemoteWebDriver.java:602)
at org.openqa.selenium.remote.ElementLocation$ElementFinder$2.findElement(ElementLocation.java:165)
at org.openqa.selenium.remote.ElementLocation.findElement(ElementLocation.java:59)
at org.openqa.selenium.remote.RemoteWebDriver.findElement(RemoteWebDriver.java:359)
at org.openqa.selenium.remote.RemoteWebDriver.findElement(RemoteWebDriver.java:353)
at com.kwikpass.automation.scripts.TC_Italian_Colony_Test_Cases.Verify_Italian_Colony_Kwikpass_login_using_OTP_Via_SMS_from_Rewards(TC_Italian_Colony_Test_Cases.java:517)
at java.base/jdk.internal.reflect.DirectMethodHandleAccessor.invoke(DirectMethodHandleAccessor.java:103)
at java.base/java.lang.reflect.Method.invoke(Method.java:580)
at org.testng.internal.invokers.MethodInvocationHelper.invokeMethod(MethodInvocationHelper.java:139)
at org.testng.internal.invokers.TestInvoker.invokeMethod(TestInvoker.java:664)
at org.testng.internal.invokers.TestInvoker.invokeTestMethod(TestInvoker.java:227)
at org.testng.internal.invokers.MethodRunner.runInSequence(MethodRunner.java:50)
at org.testng.internal.invokers.TestInvoker$MethodInvocationAgent.invoke(TestInvoker.java:957)
at org.testng.internal.invokers.TestInvoker.invokeTestMethods(TestInvoker.java:200)
at org.testng.internal.invokers.TestMethodWorker.invokeTestMethods(TestMethodWorker.java:148)
at org.testng.internal.invokers.TestMethodWorker.run(TestMethodWorker.java:128)
at java.base/java.util.ArrayList.forEach(ArrayList.java:1596)
at org.testng.TestRunner.privateRun(TestRunner.java:848)
at org.testng.TestRunner.run(TestRunner.java:621)
at org.testng.SuiteRunner.runTest(SuiteRunner.java:443)
at org.testng.SuiteRunner.runSequentially(SuiteRunner.java:437)
at org.testng.SuiteRunner.privateRun(SuiteRunner.java:397)
at org.testng.SuiteRunner.run(SuiteRunner.java:336)
at org.testng.SuiteRunnerWorker.runSuite(SuiteRunnerWorker.java:52)
at org.testng.SuiteRunnerWorker.run(SuiteRunnerWorker.java:95)
at org.testng.TestNG.runSuitesSequentially(TestNG.java:1280)
at org.testng.TestNG.runSuitesLocally(TestNG.java:1200)
at org.testng.TestNG.runSuites(TestNG.java:1114)
at org.testng.TestNG.run(TestNG.java:1082)
at org.testng.remote.AbstractRemoteTestNG.run(AbstractRemoteTestNG.java:115)
at org.testng.remote.RemoteTestNG.initAndRun(RemoteTestNG.java:251)
at org.testng.remote.RemoteTestNG.main(RemoteTestNG.java:77)
]]>
    </error>
  </testcase> <!-- Verify_Italian_Colony_Kwikpass_login_using_OTP_Via_SMS_from_Rewards -->
  <testcase classname="com.kwikpass.automation.scripts.TC_Italian_Colony_Test_Cases" name="Verify_Italian_Colony_KwikPass_AP_Visiblity_At_PDP_page" time="34.962"/>
  <testcase classname="com.kwikpass.automation.scripts.TC_Italian_Colony_Test_Cases" name="Verify_Italian_Colony_KwikPass_AP_Visiblity_At_Home_page" time="16.546"/>
  <testcase classname="com.kwikpass.automation.scripts.TC_Italian_Colony_Test_Cases" name="Verify_Italian_Colony_KwikPass_Login_modal_Verfication" time="6.570"/>
  <testcase classname="com.kwikpass.automation.scripts.TC_Italian_Colony_Test_Cases" name="Verify_Italian_Colony_KwikPass_AP_modal_Verfication" time="16.952"/>
  <testcase classname="com.kwikpass.automation.scripts.TC_Italian_Colony_Test_Cases" name="Verify_Italian_Colony_Kwikpass_login_Done_Redirect_to_accountpage" time="28.990"/>
  <testcase classname="com.kwikpass.automation.scripts.TC_Italian_Colony_Test_Cases" name="Verify_Italian_Colony_KwikPass_AP_Visiblity_At_Collection_page" time="18.366"/>
  <testcase classname="com.kwikpass.automation.scripts.TC_Italian_Colony_Test_Cases" name="Verify_Italian_Colony_KwikPass_Login_modal_Verfication_at_accountpage" time="7.130"/>
</testsuite> <!-- com.kwikpass.automation.scripts.TC_Italian_Colony_Test_Cases -->
